[0mCompiling "resources/js/testapp.js" from ["src/cljs"]...
notifying browser that file changed:  resources/js/out/goog/deps.js
notifying browser that file changed:  resources/js/out/cljs_deps.js
notifying browser that file changed:  out/testapp/core.js
[32mSuccessfully compiled "resources/js/testapp.js" in 0.229 seconds.[0m
[0mCompiling "resources/js/testapp.js" from ["src/cljs"]...
notifying browser that file changed:  out/testapp/core.js
[32mSuccessfully compiled "resources/js/testapp.js" in 0.156 seconds.[0m
[0mCompiling "resources/js/testapp.js" from ["src/cljs"]...
notifying browser that file changed:  out/testapp/core.js
[32mSuccessfully compiled "resources/js/testapp.js" in 0.135 seconds.[0m
[0mCompiling "resources/js/testapp.js" from ["src/cljs"]...
notifying browser that file changed:  out/testapp/core.js
[32mSuccessfully compiled "resources/js/testapp.js" in 0.237 seconds.[0m
[0mCompiling "resources/js/testapp.js" from ["src/cljs"]...
notifying browser that file changed:  out/testapp/core.js
[32mSuccessfully compiled "resources/js/testapp.js" in 0.202 seconds.[0m
[0mCompiling "resources/js/testapp.js" from ["src/cljs"]...
notifying browser that file changed:  out/testapp/core.js
[32mSuccessfully compiled "resources/js/testapp.js" in 0.128 seconds.[0m
[0mCompiling "resources/js/testapp.js" from ["src/cljs"]...
notifying browser that file changed:  out/testapp/core.js
[32mSuccessfully compiled "resources/js/testapp.js" in 0.129 seconds.[0m
[0mCompiling "resources/js/testapp.js" from ["src/cljs"]...
notifying browser that file changed:  out/testapp/core.js
[32mSuccessfully compiled "resources/js/testapp.js" in 0.137 seconds.[0m
[0mCompiling "resources/js/testapp.js" from ["src/cljs"]...
notifying browser that file changed:  out/testapp/core.js
[32mSuccessfully compiled "resources/js/testapp.js" in 0.125 seconds.[0m
[0mCompiling "resources/js/testapp.js" from ["src/cljs"]...
notifying browser that file changed:  resources/js/out/goog/deps.js
notifying browser that file changed:  resources/js/out/cljs_deps.js
notifying browser that file changed:  out/testapp/core.js
[32mSuccessfully compiled "resources/js/testapp.js" in 0.277 seconds.[0m
[0mCompiling "resources/js/testapp.js" from ["src/cljs"]...
notifying browser that file changed:  out/testapp/core.js
[32mSuccessfully compiled "resources/js/testapp.js" in 0.163 seconds.[0m
[0mCompiling "resources/js/testapp.js" from ["src/cljs"]...
notifying browser that file changed:  out/testapp/core.js
[32mSuccessfully compiled "resources/js/testapp.js" in 0.16 seconds.[0m
[0mCompiling "resources/js/testapp.js" from ["src/cljs"]...
notifying browser that file changed:  resources/js/out/goog/deps.js
notifying browser that file changed:  resources/js/out/cljs_deps.js
notifying browser that file changed:  out/testapp/core.js
[32mSuccessfully compiled "resources/js/testapp.js" in 0.3 seconds.[0m
[0mCompiling "resources/js/testapp.js" from ["src/cljs"]...
notifying browser that file changed:  out/testapp/core.js
[32mSuccessfully compiled "resources/js/testapp.js" in 0.176 seconds.[0m
[0mCompiling "resources/js/testapp.js" from ["src/cljs"]...
notifying browser that file changed:  resources/js/out/goog/deps.js
notifying browser that file changed:  resources/js/out/cljs_deps.js
notifying browser that file changed:  out/testapp/core.js
[32mSuccessfully compiled "resources/js/testapp.js" in 0.296 seconds.[0m
[0mCompiling "resources/js/testapp.js" from ["src/cljs"]...
notifying browser that file changed:  out/testapp/core.js
[32mSuccessfully compiled "resources/js/testapp.js" in 0.167 seconds.[0m
[0mCompiling "resources/js/testapp.js" from ["src/cljs"]...
[31mCompiling "resources/js/testapp.js" failed.
[0mANALYSIS ERROR: No such namespace: testapp.namer, could not locate testapp/namer.cljs, testapp/namer.cljc, or Closure namespace "testapp.namer" in file src/cljs/core.cljs on file null, line null, column null
[32mSuccessfully compiled "resources/js/testapp.js" in 0.133 seconds.[0m
[0mCompiling "resources/js/testapp.js" from ["src/cljs"]...
[31mCompiling "resources/js/testapp.js" failed.
[0mclojure.lang.ExceptionInfo: Invalid token: /clj/testapp.namer
 at clojure.core$ex_info.invokeStatic (core.clj:4617)
    clojure.core$ex_info.invoke (core.clj:4617)
    clojure.tools.reader.reader_types$reader_error.invokeStatic (reader_types.clj:391)
    clojure.tools.reader.reader_types$reader_error.doInvoke (reader_types.clj:387)
    clojure.lang.RestFn.invoke (RestFn.java:439)
    clojure.tools.reader$read_symbol.invokeStatic (reader.clj:329)
    clojure.tools.reader$read_symbol.invoke (reader.clj:303)
    clojure.tools.reader$read_STAR_.invokeStatic (reader.clj:893)
    clojure.tools.reader$read_STAR_.invoke (reader.clj:870)
    clojure.tools.reader$read_delimited.invokeStatic (reader.clj:195)
    clojure.tools.reader$read_delimited.invoke (reader.clj:188)
    clojure.tools.reader$read_vector.invokeStatic (reader.clj:226)
    clojure.tools.reader$read_vector.invoke (reader.clj:222)
    clojure.tools.reader$read_STAR_.invokeStatic (reader.clj:889)
    clojure.tools.reader$read_STAR_.invoke (reader.clj:870)
    clojure.tools.reader$read_delimited.invokeStatic (reader.clj:195)
    clojure.tools.reader$read_delimited.invoke (reader.clj:188)
    clojure.tools.reader$read_list.invokeStatic (reader.clj:208)
    clojure.tools.reader$read_list.invoke (reader.clj:204)
    clojure.tools.reader$read_STAR_.invokeStatic (reader.clj:889)
    clojure.tools.reader$read_STAR_.invoke (reader.clj:870)
    clojure.tools.reader$read_delimited.invokeStatic (reader.clj:195)
    clojure.tools.reader$read_delimited.invoke (reader.clj:188)
    clojure.tools.reader$read_list.invokeStatic (reader.clj:208)
    clojure.tools.reader$read_list.invoke (reader.clj:204)
    clojure.tools.reader$read_STAR_.invokeStatic (reader.clj:889)
    clojure.tools.reader$read_STAR_.invoke (reader.clj:870)
    clojure.tools.reader$read.invokeStatic (reader.clj:938)
    clojure.tools.reader$read.invoke (reader.clj:915)
    cljs.analyzer$forms_seq_STAR_$forms_seq___2070$fn__2071$fn__2072.invoke (analyzer.cljc:2656)
[32mSuccessfully compiled "resources/js/testapp.js" in 0.035 seconds.[0m
[0mCompiling "resources/js/testapp.js" from ["src/cljs"]...
[31mCompiling "resources/js/testapp.js" failed.
[0mclojure.lang.ExceptionInfo: Invalid token: /clj/testapp.namer
 at clojure.core$ex_info.invokeStatic (core.clj:4617)
    clojure.core$ex_info.invoke (core.clj:4617)
    clojure.tools.reader.reader_types$reader_error.invokeStatic (reader_types.clj:391)
    clojure.tools.reader.reader_types$reader_error.doInvoke (reader_types.clj:387)
    clojure.lang.RestFn.invoke (RestFn.java:439)
    clojure.tools.reader$read_symbol.invokeStatic (reader.clj:329)
    clojure.tools.reader$read_symbol.invoke (reader.clj:303)
    clojure.tools.reader$read_STAR_.invokeStatic (reader.clj:893)
    clojure.tools.reader$read_STAR_.invoke (reader.clj:870)
    clojure.tools.reader$read_delimited.invokeStatic (reader.clj:195)
    clojure.tools.reader$read_delimited.invoke (reader.clj:188)
    clojure.tools.reader$read_vector.invokeStatic (reader.clj:226)
    clojure.tools.reader$read_vector.invoke (reader.clj:222)
    clojure.tools.reader$read_STAR_.invokeStatic (reader.clj:889)
    clojure.tools.reader$read_STAR_.invoke (reader.clj:870)
    clojure.tools.reader$read_delimited.invokeStatic (reader.clj:195)
    clojure.tools.reader$read_delimited.invoke (reader.clj:188)
    clojure.tools.reader$read_list.invokeStatic (reader.clj:208)
    clojure.tools.reader$read_list.invoke (reader.clj:204)
    clojure.tools.reader$read_STAR_.invokeStatic (reader.clj:889)
    clojure.tools.reader$read_STAR_.invoke (reader.clj:870)
    clojure.tools.reader$read_delimited.invokeStatic (reader.clj:195)
    clojure.tools.reader$read_delimited.invoke (reader.clj:188)
    clojure.tools.reader$read_list.invokeStatic (reader.clj:208)
    clojure.tools.reader$read_list.invoke (reader.clj:204)
    clojure.tools.reader$read_STAR_.invokeStatic (reader.clj:889)
    clojure.tools.reader$read_STAR_.invoke (reader.clj:870)
    clojure.tools.reader$read.invokeStatic (reader.clj:938)
    clojure.tools.reader$read.invoke (reader.clj:915)
    cljs.analyzer$forms_seq_STAR_$forms_seq___2070$fn__2071$fn__2072.invoke (analyzer.cljc:2656)
[32mSuccessfully compiled "resources/js/testapp.js" in 0.028 seconds.[0m
[0mCompiling "resources/js/testapp.js" from ["src/cljs"]...
[31mCompiling "resources/js/testapp.js" failed.
[0mclojure.lang.ExceptionInfo: Invalid token: /clj/testapp.namer
 at clojure.core$ex_info.invokeStatic (core.clj:4617)
    clojure.core$ex_info.invoke (core.clj:4617)
    clojure.tools.reader.reader_types$reader_error.invokeStatic (reader_types.clj:391)
    clojure.tools.reader.reader_types$reader_error.doInvoke (reader_types.clj:387)
    clojure.lang.RestFn.invoke (RestFn.java:439)
    clojure.tools.reader$read_symbol.invokeStatic (reader.clj:329)
    clojure.tools.reader$read_symbol.invoke (reader.clj:303)
    clojure.tools.reader$read_STAR_.invokeStatic (reader.clj:893)
    clojure.tools.reader$read_STAR_.invoke (reader.clj:870)
    clojure.tools.reader$read_delimited.invokeStatic (reader.clj:195)
    clojure.tools.reader$read_delimited.invoke (reader.clj:188)
    clojure.tools.reader$read_vector.invokeStatic (reader.clj:226)
    clojure.tools.reader$read_vector.invoke (reader.clj:222)
    clojure.tools.reader$read_STAR_.invokeStatic (reader.clj:889)
    clojure.tools.reader$read_STAR_.invoke (reader.clj:870)
    clojure.tools.reader$read_delimited.invokeStatic (reader.clj:195)
    clojure.tools.reader$read_delimited.invoke (reader.clj:188)
    clojure.tools.reader$read_list.invokeStatic (reader.clj:208)
    clojure.tools.reader$read_list.invoke (reader.clj:204)
    clojure.tools.reader$read_STAR_.invokeStatic (reader.clj:889)
    clojure.tools.reader$read_STAR_.invoke (reader.clj:870)
    clojure.tools.reader$read_delimited.invokeStatic (reader.clj:195)
    clojure.tools.reader$read_delimited.invoke (reader.clj:188)
    clojure.tools.reader$read_list.invokeStatic (reader.clj:208)
    clojure.tools.reader$read_list.invoke (reader.clj:204)
    clojure.tools.reader$read_STAR_.invokeStatic (reader.clj:889)
    clojure.tools.reader$read_STAR_.invoke (reader.clj:870)
    clojure.tools.reader$read.invokeStatic (reader.clj:938)
    clojure.tools.reader$read.invoke (reader.clj:915)
    cljs.analyzer$forms_seq_STAR_$forms_seq___2070$fn__2071$fn__2072.invoke (analyzer.cljc:2656)
[32mSuccessfully compiled "resources/js/testapp.js" in 0.027 seconds.[0m
[0mCompiling "resources/js/testapp.js" from ["src/cljs"]...
[31mCompiling "resources/js/testapp.js" failed.
[0mclojure.lang.ExceptionInfo: Invalid token: ./clj/testapp.namer
 at clojure.core$ex_info.invokeStatic (core.clj:4617)
    clojure.core$ex_info.invoke (core.clj:4617)
    clojure.tools.reader.reader_types$reader_error.invokeStatic (reader_types.clj:391)
    clojure.tools.reader.reader_types$reader_error.doInvoke (reader_types.clj:387)
    clojure.lang.RestFn.invoke (RestFn.java:439)
    clojure.tools.reader$read_symbol.invokeStatic (reader.clj:329)
    clojure.tools.reader$read_symbol.invoke (reader.clj:303)
    clojure.tools.reader$read_STAR_.invokeStatic (reader.clj:893)
    clojure.tools.reader$read_STAR_.invoke (reader.clj:870)
    clojure.tools.reader$read_delimited.invokeStatic (reader.clj:195)
    clojure.tools.reader$read_delimited.invoke (reader.clj:188)
    clojure.tools.reader$read_vector.invokeStatic (reader.clj:226)
    clojure.tools.reader$read_vector.invoke (reader.clj:222)
    clojure.tools.reader$read_STAR_.invokeStatic (reader.clj:889)
    clojure.tools.reader$read_STAR_.invoke (reader.clj:870)
    clojure.tools.reader$read_delimited.invokeStatic (reader.clj:195)
    clojure.tools.reader$read_delimited.invoke (reader.clj:188)
    clojure.tools.reader$read_list.invokeStatic (reader.clj:208)
    clojure.tools.reader$read_list.invoke (reader.clj:204)
    clojure.tools.reader$read_STAR_.invokeStatic (reader.clj:889)
    clojure.tools.reader$read_STAR_.invoke (reader.clj:870)
    clojure.tools.reader$read_delimited.invokeStatic (reader.clj:195)
    clojure.tools.reader$read_delimited.invoke (reader.clj:188)
    clojure.tools.reader$read_list.invokeStatic (reader.clj:208)
    clojure.tools.reader$read_list.invoke (reader.clj:204)
    clojure.tools.reader$read_STAR_.invokeStatic (reader.clj:889)
    clojure.tools.reader$read_STAR_.invoke (reader.clj:870)
    clojure.tools.reader$read.invokeStatic (reader.clj:938)
    clojure.tools.reader$read.invoke (reader.clj:915)
    cljs.analyzer$forms_seq_STAR_$forms_seq___2070$fn__2071$fn__2072.invoke (analyzer.cljc:2656)
[32mSuccessfully compiled "resources/js/testapp.js" in 0.029 seconds.[0m
[0mCompiling "resources/js/testapp.js" from ["src/cljs"]...
[31mCompiling "resources/js/testapp.js" failed.
[0mANALYSIS ERROR: No such namespace: clj/testapp.namer, could not locate clj_SLASH_testapp/namer.cljs, clj_SLASH_testapp/namer.cljc, or Closure namespace "testapp.namer" in file src/cljs/core.cljs on file null, line null, column null
[32mSuccessfully compiled "resources/js/testapp.js" in 0.137 seconds.[0m
[0mCompiling "resources/js/testapp.js" from ["src/cljs"]...
[31mCompiling "resources/js/testapp.js" failed.
[0mclojure.lang.ExceptionInfo: Invalid token: src/clj/testapp.namer
 at clojure.core$ex_info.invokeStatic (core.clj:4617)
    clojure.core$ex_info.invoke (core.clj:4617)
    clojure.tools.reader.reader_types$reader_error.invokeStatic (reader_types.clj:391)
    clojure.tools.reader.reader_types$reader_error.doInvoke (reader_types.clj:387)
    clojure.lang.RestFn.invoke (RestFn.java:439)
    clojure.tools.reader$read_symbol.invokeStatic (reader.clj:329)
    clojure.tools.reader$read_symbol.invoke (reader.clj:303)
    clojure.tools.reader$read_STAR_.invokeStatic (reader.clj:893)
    clojure.tools.reader$read_STAR_.invoke (reader.clj:870)
    clojure.tools.reader$read_delimited.invokeStatic (reader.clj:195)
    clojure.tools.reader$read_delimited.invoke (reader.clj:188)
    clojure.tools.reader$read_vector.invokeStatic (reader.clj:226)
    clojure.tools.reader$read_vector.invoke (reader.clj:222)
    clojure.tools.reader$read_STAR_.invokeStatic (reader.clj:889)
    clojure.tools.reader$read_STAR_.invoke (reader.clj:870)
    clojure.tools.reader$read_delimited.invokeStatic (reader.clj:195)
    clojure.tools.reader$read_delimited.invoke (reader.clj:188)
    clojure.tools.reader$read_list.invokeStatic (reader.clj:208)
    clojure.tools.reader$read_list.invoke (reader.clj:204)
    clojure.tools.reader$read_STAR_.invokeStatic (reader.clj:889)
    clojure.tools.reader$read_STAR_.invoke (reader.clj:870)
    clojure.tools.reader$read_delimited.invokeStatic (reader.clj:195)
    clojure.tools.reader$read_delimited.invoke (reader.clj:188)
    clojure.tools.reader$read_list.invokeStatic (reader.clj:208)
    clojure.tools.reader$read_list.invoke (reader.clj:204)
    clojure.tools.reader$read_STAR_.invokeStatic (reader.clj:889)
    clojure.tools.reader$read_STAR_.invoke (reader.clj:870)
    clojure.tools.reader$read.invokeStatic (reader.clj:938)
    clojure.tools.reader$read.invoke (reader.clj:915)
    cljs.analyzer$forms_seq_STAR_$forms_seq___2070$fn__2071$fn__2072.invoke (analyzer.cljc:2656)
[32mSuccessfully compiled "resources/js/testapp.js" in 0.03 seconds.[0m
[0mCompiling "resources/js/testapp.js" from ["src/cljs"]...
[31mCompiling "resources/js/testapp.js" failed.
[0mclojure.lang.ExceptionInfo: Invalid token: /src/clj/testapp.namer
 at clojure.core$ex_info.invokeStatic (core.clj:4617)
    clojure.core$ex_info.invoke (core.clj:4617)
    clojure.tools.reader.reader_types$reader_error.invokeStatic (reader_types.clj:391)
    clojure.tools.reader.reader_types$reader_error.doInvoke (reader_types.clj:387)
    clojure.lang.RestFn.invoke (RestFn.java:439)
    clojure.tools.reader$read_symbol.invokeStatic (reader.clj:329)
    clojure.tools.reader$read_symbol.invoke (reader.clj:303)
    clojure.tools.reader$read_STAR_.invokeStatic (reader.clj:893)
    clojure.tools.reader$read_STAR_.invoke (reader.clj:870)
    clojure.tools.reader$read_delimited.invokeStatic (reader.clj:195)
    clojure.tools.reader$read_delimited.invoke (reader.clj:188)
    clojure.tools.reader$read_vector.invokeStatic (reader.clj:226)
    clojure.tools.reader$read_vector.invoke (reader.clj:222)
    clojure.tools.reader$read_STAR_.invokeStatic (reader.clj:889)
    clojure.tools.reader$read_STAR_.invoke (reader.clj:870)
    clojure.tools.reader$read_delimited.invokeStatic (reader.clj:195)
    clojure.tools.reader$read_delimited.invoke (reader.clj:188)
    clojure.tools.reader$read_list.invokeStatic (reader.clj:208)
    clojure.tools.reader$read_list.invoke (reader.clj:204)
    clojure.tools.reader$read_STAR_.invokeStatic (reader.clj:889)
    clojure.tools.reader$read_STAR_.invoke (reader.clj:870)
    clojure.tools.reader$read_delimited.invokeStatic (reader.clj:195)
    clojure.tools.reader$read_delimited.invoke (reader.clj:188)
    clojure.tools.reader$read_list.invokeStatic (reader.clj:208)
    clojure.tools.reader$read_list.invoke (reader.clj:204)
    clojure.tools.reader$read_STAR_.invokeStatic (reader.clj:889)
    clojure.tools.reader$read_STAR_.invoke (reader.clj:870)
    clojure.tools.reader$read.invokeStatic (reader.clj:938)
    clojure.tools.reader$read.invoke (reader.clj:915)
    cljs.analyzer$forms_seq_STAR_$forms_seq___2070$fn__2071$fn__2072.invoke (analyzer.cljc:2656)
[32mSuccessfully compiled "resources/js/testapp.js" in 0.027 seconds.[0m
[0mCompiling "resources/js/testapp.js" from ["src/cljs"]...
[31mCompiling "resources/js/testapp.js" failed.
[0mANALYSIS ERROR: No such namespace: testapp.namer, could not locate testapp/namer.cljs, testapp/namer.cljc, or Closure namespace "testapp.namer" in file src/cljs/core.cljs on file null, line null, column null
[32mSuccessfully compiled "resources/js/testapp.js" in 0.169 seconds.[0m
[0mCompiling "resources/js/testapp.js" from ["src/cljs"]...
[31mCompiling "resources/js/testapp.js" failed.
[0mANALYSIS ERROR: No such namespace: testapp.namer, could not locate testapp/namer.cljs, testapp/namer.cljc, or Closure namespace "testapp.namer" in file src/cljs/core.cljs on file null, line null, column null
[32mSuccessfully compiled "resources/js/testapp.js" in 0.106 seconds.[0m
[0mCompiling "resources/js/testapp.js" from ["src/cljs"]...
[31mCompiling "resources/js/testapp.js" failed.
[0mANALYSIS ERROR: No such namespace: testapp/namer, could not locate testapp_SLASH_namer.cljs, testapp_SLASH_namer.cljc, or Closure namespace "namer" in file src/cljs/core.cljs on file null, line null, column null
[32mSuccessfully compiled "resources/js/testapp.js" in 0.105 seconds.[0m
[0mCompiling "resources/js/testapp.js" from ["src/cljs"]...
[31mCompiling "resources/js/testapp.js" failed.
[0mANALYSIS ERROR: No such namespace: slj.testapp.namer, could not locate slj/testapp/namer.cljs, slj/testapp/namer.cljc, or Closure namespace "slj.testapp.namer" in file src/cljs/core.cljs on file null, line null, column null
[32mSuccessfully compiled "resources/js/testapp.js" in 0.107 seconds.[0m
[0mCompiling "resources/js/testapp.js" from ["src/cljs"]...
[31mCompiling "resources/js/testapp.js" failed.
[0mANALYSIS ERROR: No such namespace: clj.testapp.namer, could not locate clj/testapp/namer.cljs, clj/testapp/namer.cljc, or Closure namespace "clj.testapp.namer" in file src/cljs/core.cljs on file null, line null, column null
[32mSuccessfully compiled "resources/js/testapp.js" in 0.107 seconds.[0m
[0mCompiling "resources/js/testapp.js" from ["src/cljs"]...
[31mCompiling "resources/js/testapp.js" failed.
[0mANALYSIS ERROR: No such namespace: testapp.namer, could not locate testapp/namer.cljs, testapp/namer.cljc, or Closure namespace "testapp.namer" in file src/cljs/core.cljs on file null, line null, column null
[32mSuccessfully compiled "resources/js/testapp.js" in 0.104 seconds.[0m
[0mCompiling "resources/js/testapp.js" from ["src/cljs"]...
[31mCompiling "resources/js/testapp.js" failed.
[0mANALYSIS ERROR: /_SLASH_testapp/namer.cljs is not a relative path in file src/cljs/core.cljs on file null, line null, column null
[32mSuccessfully compiled "resources/js/testapp.js" in 0.109 seconds.[0m
[0mCompiling "resources/js/testapp.js" from ["src/cljs"]...
[31mCompiling "resources/js/testapp.js" failed.
[0mANALYSIS ERROR: /_SLASH_testapp/namer.cljs is not a relative path in file src/cljs/core.cljs on file null, line null, column null
[32mSuccessfully compiled "resources/js/testapp.js" in 0.108 seconds.[0m
[0mCompiling "resources/js/testapp.js" from ["src/cljs"]...
[31mCompiling "resources/js/testapp.js" failed.
[0mANALYSIS ERROR: No such namespace: testapp.namer, could not locate testapp/namer.cljs, testapp/namer.cljc, or Closure namespace "testapp.namer" in file src/cljs/core.cljs on file null, line null, column null
[32mSuccessfully compiled "resources/js/testapp.js" in 0.112 seconds.[0m
[0mCompiling "resources/js/testapp.js" from ["src/cljs"]...
[31mCompiling "resources/js/testapp.js" failed.
[0mANALYSIS ERROR: No such namespace: testapp.namer, could not locate testapp/namer.cljs, testapp/namer.cljc, or Closure namespace "testapp.namer" in file src/cljs/core.cljs on file null, line null, column null
[32mSuccessfully compiled "resources/js/testapp.js" in 0.096 seconds.[0m
[0mCompiling "resources/js/testapp.js" from ["src/cljs"]...
notifying browser that file changed:  out/testapp/core.js
[32mSuccessfully compiled "resources/js/testapp.js" in 0.133 seconds.[0m
[0mCompiling "resources/js/testapp.js" from ["src/cljs"]...
notifying browser that file changed:  out/testapp/core.js
[32mSuccessfully compiled "resources/js/testapp.js" in 0.158 seconds.[0m
[0mCompiling "resources/js/testapp.js" from ["src/cljs"]...
notifying browser that file changed:  out/testapp/core.js
[32mSuccessfully compiled "resources/js/testapp.js" in 0.152 seconds.[0m
[0mCompiling "resources/js/testapp.js" from ["src/cljs"]...
notifying browser that file changed:  out/testapp/core.js
[32mSuccessfully compiled "resources/js/testapp.js" in 0.138 seconds.[0m
[0mCompiling "resources/js/testapp.js" from ["src/cljs"]...
notifying browser that file changed:  out/testapp/core.js
[32mSuccessfully compiled "resources/js/testapp.js" in 0.14 seconds.[0m
[0mCompiling "resources/js/testapp.js" from ["src/cljs"]...
[31mCompiling "resources/js/testapp.js" failed.
[0mANALYSIS ERROR: Parameter declaration "response" should be a vector at line 9 src/cljs/core.cljs on file src/cljs/core.cljs, line 9, column 1
[32mSuccessfully compiled "resources/js/testapp.js" in 0.159 seconds.[0m
[0mCompiling "resources/js/testapp.js" from ["src/cljs"]...
notifying browser that file changed:  resources/js/out/goog/deps.js
notifying browser that file changed:  resources/js/out/cljs_deps.js
notifying browser that file changed:  out/testapp/core.js
[32mSuccessfully compiled "resources/js/testapp.js" in 0.243 seconds.[0m
[0mCompiling "resources/js/testapp.js" from ["src/cljs"]...
[31mCompiling "resources/js/testapp.js" failed.
[0mANALYSIS ERROR: Parameter declaration "response" should be a vector at line 9 src/cljs/core.cljs on file src/cljs/core.cljs, line 9, column 1
[32mSuccessfully compiled "resources/js/testapp.js" in 0.121 seconds.[0m
[0mCompiling "resources/js/testapp.js" from ["src/cljs"]...
[31mCompiling "resources/js/testapp.js" failed.
[0mANALYSIS ERROR: Parameter declaration "response" should be a vector at line 9 src/cljs/core.cljs on file src/cljs/core.cljs, line 9, column 1
[32mSuccessfully compiled "resources/js/testapp.js" in 0.115 seconds.[0m
[0mCompiling "resources/js/testapp.js" from ["src/cljs"]...
[31mCompiling "resources/js/testapp.js" failed.
[0mANALYSIS ERROR: Parameter declaration "response" should be a vector at line 9 src/cljs/core.cljs on file src/cljs/core.cljs, line 9, column 1
[32mSuccessfully compiled "resources/js/testapp.js" in 0.112 seconds.[0m
[0mCompiling "resources/js/testapp.js" from ["src/cljs"]...
WARNING: No such namespace: ajax, could not locate ajax.cljs, ajax.cljc, or Closure namespace "" at line 13 src/cljs/core.cljs
WARNING: Use of undeclared Var ajax/GET at line 13 src/cljs/core.cljs
notifying browser that file changed:  out/testapp/core.js
[32mSuccessfully compiled "resources/js/testapp.js" in 0.231 seconds.[0m
[0mCompiling "resources/js/testapp.js" from ["src/cljs"]...
WARNING: No such namespace: ajax, could not locate ajax.cljs, ajax.cljc, or Closure namespace "" at line 13 src/cljs/core.cljs
WARNING: Use of undeclared Var ajax/GET at line 13 src/cljs/core.cljs
notifying browser that file changed:  out/testapp/core.js
[32mSuccessfully compiled "resources/js/testapp.js" in 0.226 seconds.[0m
[0mCompiling "resources/js/testapp.js" from ["src/cljs"]...
WARNING: No such namespace: ajax, could not locate ajax.cljs, ajax.cljc, or Closure namespace "" at line 13 src/cljs/core.cljs
WARNING: Use of undeclared Var ajax/GET at line 13 src/cljs/core.cljs
notifying browser that file changed:  out/testapp/core.js
[32mSuccessfully compiled "resources/js/testapp.js" in 0.316 seconds.[0m
[0mCompiling "resources/js/testapp.js" from ["src/cljs"]...
WARNING: No such namespace: ajax, could not locate ajax.cljs, ajax.cljc, or Closure namespace "" at line 13 src/cljs/core.cljs
WARNING: Use of undeclared Var ajax/GET at line 13 src/cljs/core.cljs
notifying browser that file changed:  out/testapp/core.js
[32mSuccessfully compiled "resources/js/testapp.js" in 0.212 seconds.[0m
[0mCompiling "resources/js/testapp.js" from ["src/cljs"]...
[31mCompiling "resources/js/testapp.js" failed.
[0mANALYSIS ERROR: Parameter declaration "response" should be a vector at line 9 src/cljs/core.cljs on file src/cljs/core.cljs, line 9, column 1
[32mSuccessfully compiled "resources/js/testapp.js" in 0.155 seconds.[0m
[0mCompiling "resources/js/testapp.js" from ["src/cljs"]...
[31mCompiling "resources/js/testapp.js" failed.
[0mANALYSIS ERROR: Parameter declaration "response" should be a vector at line 9 src/cljs/core.cljs on file src/cljs/core.cljs, line 9, column 1
[32mSuccessfully compiled "resources/js/testapp.js" in 0.147 seconds.[0m
[0mCompiling "resources/js/testapp.js" from ["src/cljs"]...
WARNING: No such namespace: ajax, could not locate ajax.cljs, ajax.cljc, or Closure namespace "" at line 13 src/cljs/core.cljs
WARNING: Use of undeclared Var ajax/GET at line 13 src/cljs/core.cljs
notifying browser that file changed:  resources/js/out/goog/deps.js
notifying browser that file changed:  resources/js/out/cljs_deps.js
notifying browser that file changed:  out/testapp/core.js
[32mSuccessfully compiled "resources/js/testapp.js" in 0.348 seconds.[0m
[0mCompiling "resources/js/testapp.js" from ["src/cljs"]...
WARNING: No such namespace: ajax, could not locate ajax.cljs, ajax.cljc, or Closure namespace "" at line 13 src/cljs/core.cljs
WARNING: Use of undeclared Var ajax/GET at line 13 src/cljs/core.cljs
notifying browser that file changed:  out/testapp/core.js
[32mSuccessfully compiled "resources/js/testapp.js" in 0.211 seconds.[0m
[0mCompiling "resources/js/testapp.js" from ["src/cljs"]...
WARNING: No such namespace: ajax, could not locate ajax.cljs, ajax.cljc, or Closure namespace "" at line 14 src/cljs/core.cljs
WARNING: Use of undeclared Var ajax/GET at line 14 src/cljs/core.cljs
notifying browser that file changed:  resources/js/out/cljs_deps.js
notifying browser that file changed:  out/testapp/core.js
[32mSuccessfully compiled "resources/js/testapp.js" in 2.047 seconds.[0m
[0mCompiling "resources/js/testapp.js" from ["src/cljs"]...
notifying browser that file changed:  out/testapp/core.js
[32mSuccessfully compiled "resources/js/testapp.js" in 0.17 seconds.[0m
[0mCompiling "resources/js/testapp.js" from ["src/cljs"]...
notifying browser that file changed:  out/testapp/core.js
[32mSuccessfully compiled "resources/js/testapp.js" in 0.19 seconds.[0m
[0mCompiling "resources/js/testapp.js" from ["src/cljs"]...
notifying browser that file changed:  out/testapp/core.js
[32mSuccessfully compiled "resources/js/testapp.js" in 0.179 seconds.[0m
[0mCompiling "resources/js/testapp.js" from ["src/cljs"]...
notifying browser that file changed:  out/testapp/core.js
[32mSuccessfully compiled "resources/js/testapp.js" in 0.165 seconds.[0m
[0mCompiling "resources/js/testapp.js" from ["src/cljs"]...
notifying browser that file changed:  out/testapp/core.js
[32mSuccessfully compiled "resources/js/testapp.js" in 0.209 seconds.[0m
[0mCompiling "resources/js/testapp.js" from ["src/cljs"]...
notifying browser that file changed:  out/testapp/core.js
[32mSuccessfully compiled "resources/js/testapp.js" in 0.172 seconds.[0m
[0mCompiling "resources/js/testapp.js" from ["src/cljs"]...
notifying browser that file changed:  out/testapp/core.js
[32mSuccessfully compiled "resources/js/testapp.js" in 0.169 seconds.[0m
[0mCompiling "resources/js/testapp.js" from ["src/cljs"]...
notifying browser that file changed:  out/testapp/core.js
[32mSuccessfully compiled "resources/js/testapp.js" in 0.223 seconds.[0m
[0mCompiling "resources/js/testapp.js" from ["src/cljs"]...
notifying browser that file changed:  out/testapp/core.js
[32mSuccessfully compiled "resources/js/testapp.js" in 0.212 seconds.[0m
[0mCompiling "resources/js/testapp.js" from ["src/cljs"]...
notifying browser that file changed:  out/testapp/core.js
[32mSuccessfully compiled "resources/js/testapp.js" in 0.166 seconds.[0m
[0mCompiling "resources/js/testapp.js" from ["src/cljs"]...
notifying browser that file changed:  out/testapp/core.js
[32mSuccessfully compiled "resources/js/testapp.js" in 0.19 seconds.[0m
[0mCompiling "resources/js/testapp.js" from ["src/cljs"]...
notifying browser that file changed:  out/testapp/core.js
[32mSuccessfully compiled "resources/js/testapp.js" in 0.168 seconds.[0m
[0mCompiling "resources/js/testapp.js" from ["src/cljs"]...
notifying browser that file changed:  out/testapp/core.js
[32mSuccessfully compiled "resources/js/testapp.js" in 0.168 seconds.[0m
[0mCompiling "resources/js/testapp.js" from ["src/cljs"]...
[31mCompiling "resources/js/testapp.js" failed.
[0mERROR: EOF while reading, starting at line 18 and column 1 on file /Users/elizaveta.sigova/Documents/ParisUtbildning/testapp/src/cljs/core.cljs, line 24, column 1
[32mSuccessfully compiled "resources/js/testapp.js" in 0.206 seconds.[0m
[0mCompiling "resources/js/testapp.js" from ["src/cljs"]...
[31mCompiling "resources/js/testapp.js" failed.
[0mERROR: EOF while reading, starting at line 18 and column 1 on file /Users/elizaveta.sigova/Documents/ParisUtbildning/testapp/src/cljs/core.cljs, line 24, column 1
[32mSuccessfully compiled "resources/js/testapp.js" in 0.155 seconds.[0m
[0mCompiling "resources/js/testapp.js" from ["src/cljs"]...
notifying browser that file changed:  resources/js/out/goog/deps.js
notifying browser that file changed:  resources/js/out/cljs_deps.js
notifying browser that file changed:  out/testapp/core.js
[32mSuccessfully compiled "resources/js/testapp.js" in 0.274 seconds.[0m
[0mCompiling "resources/js/testapp.js" from ["src/cljs"]...
notifying browser that file changed:  out/testapp/core.js
[32mSuccessfully compiled "resources/js/testapp.js" in 0.215 seconds.[0m
[0mCompiling "resources/js/testapp.js" from ["src/cljs"]...
WARNING: Use of undeclared Var testapp.core/get-new-method at line 8 src/cljs/core.cljs
notifying browser that file changed:  out/testapp/core.js
[32mSuccessfully compiled "resources/js/testapp.js" in 0.288 seconds.[0m
[0mCompiling "resources/js/testapp.js" from ["src/cljs"]...
WARNING: Use of undeclared Var testapp.core/get-new-method at line 8 src/cljs/core.cljs
notifying browser that file changed:  out/testapp/core.js
[32mSuccessfully compiled "resources/js/testapp.js" in 0.206 seconds.[0m
[0mCompiling "resources/js/testapp.js" from ["src/cljs"]...
notifying browser that file changed:  out/testapp/core.js
[32mSuccessfully compiled "resources/js/testapp.js" in 0.247 seconds.[0m
[0mCompiling "resources/js/testapp.js" from ["src/cljs"]...
notifying browser that file changed:  out/testapp/core.js
[32mSuccessfully compiled "resources/js/testapp.js" in 0.227 seconds.[0m
[0mCompiling "resources/js/testapp.js" from ["src/cljs"]...
notifying browser that file changed:  out/testapp/core.js
[32mSuccessfully compiled "resources/js/testapp.js" in 0.186 seconds.[0m
[0mCompiling "resources/js/testapp.js" from ["src/cljs"]...
notifying browser that file changed:  out/testapp/core.js
[32mSuccessfully compiled "resources/js/testapp.js" in 0.182 seconds.[0m
[0mCompiling "resources/js/testapp.js" from ["src/cljs"]...
notifying browser that file changed:  out/testapp/core.js
[32mSuccessfully compiled "resources/js/testapp.js" in 0.234 seconds.[0m
[0mCompiling "resources/js/testapp.js" from ["src/cljs"]...
notifying browser that file changed:  out/testapp/core.js
[32mSuccessfully compiled "resources/js/testapp.js" in 0.273 seconds.[0m
[0mCompiling "resources/js/testapp.js" from ["src/cljs"]...
notifying browser that file changed:  out/testapp/core.js
[32mSuccessfully compiled "resources/js/testapp.js" in 0.261 seconds.[0m
[0mCompiling "resources/js/testapp.js" from ["src/cljs"]...
notifying browser that file changed:  out/testapp/core.js
[32mSuccessfully compiled "resources/js/testapp.js" in 0.231 seconds.[0m
[0mCompiling "resources/js/testapp.js" from ["src/cljs"]...
notifying browser that file changed:  out/testapp/core.js
[32mSuccessfully compiled "resources/js/testapp.js" in 0.288 seconds.[0m
[0mCompiling "resources/js/testapp.js" from ["src/cljs"]...
notifying browser that file changed:  out/testapp/core.js
[32mSuccessfully compiled "resources/js/testapp.js" in 0.184 seconds.[0m
[0mCompiling "resources/js/testapp.js" from ["src/cljs"]...
[31mCompiling "resources/js/testapp.js" failed.
[0mERROR: EOF while reading string on file /Users/elizaveta.sigova/Documents/ParisUtbildning/testapp/src/cljs/core.cljs, line 26, column 1
[32mSuccessfully compiled "resources/js/testapp.js" in 0.121 seconds.[0m
[0mCompiling "resources/js/testapp.js" from ["src/cljs"]...
notifying browser that file changed:  out/testapp/core.js
[32mSuccessfully compiled "resources/js/testapp.js" in 0.179 seconds.[0m
[0mCompiling "resources/js/testapp.js" from ["src/cljs"]...
notifying browser that file changed:  out/testapp/core.js
[32mSuccessfully compiled "resources/js/testapp.js" in 0.189 seconds.[0m
[0mCompiling "resources/js/testapp.js" from ["src/cljs"]...
notifying browser that file changed:  out/testapp/core.js
[32mSuccessfully compiled "resources/js/testapp.js" in 0.532 seconds.[0m
[0mCompiling "resources/js/testapp.js" from ["src/cljs"]...
notifying browser that file changed:  out/testapp/core.js
[32mSuccessfully compiled "resources/js/testapp.js" in 0.175 seconds.[0m
[0mCompiling "resources/js/testapp.js" from ["src/cljs"]...
notifying browser that file changed:  out/testapp/core.js
[32mSuccessfully compiled "resources/js/testapp.js" in 0.17 seconds.[0m
[0mCompiling "resources/js/testapp.js" from ["src/cljs"]...
notifying browser that file changed:  out/testapp/core.js
[32mSuccessfully compiled "resources/js/testapp.js" in 0.172 seconds.[0m
[0mCompiling "resources/js/testapp.js" from ["src/cljs"]...
notifying browser that file changed:  out/testapp/core.js
[32mSuccessfully compiled "resources/js/testapp.js" in 0.177 seconds.[0m
[0mCompiling "resources/js/testapp.js" from ["src/cljs"]...
notifying browser that file changed:  out/testapp/core.js
[32mSuccessfully compiled "resources/js/testapp.js" in 0.324 seconds.[0m
[0mCompiling "resources/js/testapp.js" from ["src/cljs"]...
notifying browser that file changed:  out/testapp/core.js
[32mSuccessfully compiled "resources/js/testapp.js" in 0.402 seconds.[0m
[0mCompiling "resources/js/testapp.js" from ["src/cljs"]...
notifying browser that file changed:  out/testapp/core.js
[32mSuccessfully compiled "resources/js/testapp.js" in 0.167 seconds.[0m
[0mCompiling "resources/js/testapp.js" from ["src/cljs"]...
notifying browser that file changed:  out/testapp/core.js
[32mSuccessfully compiled "resources/js/testapp.js" in 0.178 seconds.[0m
[0mCompiling "resources/js/testapp.js" from ["src/cljs"]...
notifying browser that file changed:  out/testapp/core.js
[32mSuccessfully compiled "resources/js/testapp.js" in 0.182 seconds.[0m
[0mCompiling "resources/js/testapp.js" from ["src/cljs"]...
notifying browser that file changed:  out/testapp/core.js
[32mSuccessfully compiled "resources/js/testapp.js" in 0.186 seconds.[0m
[0mCompiling "resources/js/testapp.js" from ["src/cljs"]...
notifying browser that file changed:  out/testapp/core.js
[32mSuccessfully compiled "resources/js/testapp.js" in 0.185 seconds.[0m
[0mCompiling "resources/js/testapp.js" from ["src/cljs"]...
notifying browser that file changed:  resources/js/out/goog/deps.js
notifying browser that file changed:  resources/js/out/cljs_deps.js
notifying browser that file changed:  out/testapp/core.js
[32mSuccessfully compiled "resources/js/testapp.js" in 0.333 seconds.[0m
[0mCompiling "resources/js/testapp.js" from ["src/cljs"]...
notifying browser that file changed:  out/testapp/core.js
[32mSuccessfully compiled "resources/js/testapp.js" in 0.275 seconds.[0m
[0mCompiling "resources/js/testapp.js" from ["src/cljs"]...
notifying browser that file changed:  out/testapp/core.js
[32mSuccessfully compiled "resources/js/testapp.js" in 0.18 seconds.[0m
[0mCompiling "resources/js/testapp.js" from ["src/cljs"]...
notifying browser that file changed:  out/testapp/core.js
[32mSuccessfully compiled "resources/js/testapp.js" in 0.178 seconds.[0m
[0mCompiling "resources/js/testapp.js" from ["src/cljs"]...
notifying browser that file changed:  out/testapp/core.js
[32mSuccessfully compiled "resources/js/testapp.js" in 0.186 seconds.[0m
[0mCompiling "resources/js/testapp.js" from ["src/cljs"]...
notifying browser that file changed:  resources/js/out/goog/deps.js
notifying browser that file changed:  resources/js/out/cljs_deps.js
notifying browser that file changed:  out/testapp/core.js
[32mSuccessfully compiled "resources/js/testapp.js" in 0.464 seconds.[0m
[0mCompiling "resources/js/testapp.js" from ["src/cljs"]...
notifying browser that file changed:  out/testapp/core.js
[32mSuccessfully compiled "resources/js/testapp.js" in 0.237 seconds.[0m
[0mCompiling "resources/js/testapp.js" from ["src/cljs"]...
notifying browser that file changed:  resources/js/out/goog/deps.js
notifying browser that file changed:  resources/js/out/cljs_deps.js
notifying browser that file changed:  out/testapp/core.js
[32mSuccessfully compiled "resources/js/testapp.js" in 0.335 seconds.[0m
[0mCompiling "resources/js/testapp.js" from ["src/cljs"]...
notifying browser that file changed:  out/testapp/core.js
[32mSuccessfully compiled "resources/js/testapp.js" in 0.203 seconds.[0m
[0mCompiling "resources/js/testapp.js" from ["src/cljs"]...
notifying browser that file changed:  out/testapp/core.js
[32mSuccessfully compiled "resources/js/testapp.js" in 0.248 seconds.[0m
[0mCompiling "resources/js/testapp.js" from ["src/cljs"]...
notifying browser that file changed:  resources/js/out/goog/deps.js
notifying browser that file changed:  resources/js/out/cljs_deps.js
notifying browser that file changed:  out/testapp/core.js
[32mSuccessfully compiled "resources/js/testapp.js" in 0.351 seconds.[0m
[0mCompiling "resources/js/testapp.js" from ["src/cljs"]...
notifying browser that file changed:  resources/js/out/goog/deps.js
notifying browser that file changed:  resources/js/out/cljs_deps.js
notifying browser that file changed:  out/testapp/core.js
[32mSuccessfully compiled "resources/js/testapp.js" in 0.484 seconds.[0m
[0mCompiling "resources/js/testapp.js" from ["src/cljs"]...
notifying browser that file changed:  out/testapp/core.js
[32mSuccessfully compiled "resources/js/testapp.js" in 0.221 seconds.[0m
[0mCompiling "resources/js/testapp.js" from ["src/cljs"]...
notifying browser that file changed:  out/testapp/core.js
[32mSuccessfully compiled "resources/js/testapp.js" in 0.26 seconds.[0m
[0mCompiling "resources/js/testapp.js" from ["src/cljs"]...
notifying browser that file changed:  resources/js/out/goog/deps.js
notifying browser that file changed:  resources/js/out/cljs_deps.js
notifying browser that file changed:  out/testapp/core.js
[32mSuccessfully compiled "resources/js/testapp.js" in 0.487 seconds.[0m
[0mCompiling "resources/js/testapp.js" from ["src/cljs"]...
notifying browser that file changed:  resources/js/out/goog/deps.js
notifying browser that file changed:  resources/js/out/cljs_deps.js
notifying browser that file changed:  out/testapp/core.js
[32mSuccessfully compiled "resources/js/testapp.js" in 0.405 seconds.[0m
[0mCompiling "resources/js/testapp.js" from ["src/cljs"]...
notifying browser that file changed:  out/testapp/core.js
[32mSuccessfully compiled "resources/js/testapp.js" in 0.548 seconds.[0m
[0mCompiling "resources/js/testapp.js" from ["src/cljs"]...
notifying browser that file changed:  out/testapp/core.js
[32mSuccessfully compiled "resources/js/testapp.js" in 0.235 seconds.[0m
[0mCompiling "resources/js/testapp.js" from ["src/cljs"]...
notifying browser that file changed:  out/testapp/core.js
[32mSuccessfully compiled "resources/js/testapp.js" in 0.255 seconds.[0m
[0mCompiling "resources/js/testapp.js" from ["src/cljs"]...
notifying browser that file changed:  out/testapp/core.js
[32mSuccessfully compiled "resources/js/testapp.js" in 0.265 seconds.[0m
[0mCompiling "resources/js/testapp.js" from ["src/cljs"]...
notifying browser that file changed:  resources/js/out/goog/deps.js
notifying browser that file changed:  resources/js/out/cljs_deps.js
notifying browser that file changed:  out/testapp/core.js
[32mSuccessfully compiled "resources/js/testapp.js" in 0.382 seconds.[0m
[0mCompiling "resources/js/testapp.js" from ["src/cljs"]...
notifying browser that file changed:  resources/js/out/goog/deps.js
notifying browser that file changed:  resources/js/out/cljs_deps.js
notifying browser that file changed:  out/testapp/core.js
[32mSuccessfully compiled "resources/js/testapp.js" in 0.37 seconds.[0m
[0mCompiling "resources/js/testapp.js" from ["src/cljs"]...
notifying browser that file changed:  out/testapp/core.js
[32mSuccessfully compiled "resources/js/testapp.js" in 0.196 seconds.[0m
[0mCompiling "resources/js/testapp.js" from ["src/cljs"]...
notifying browser that file changed:  out/testapp/core.js
[32mSuccessfully compiled "resources/js/testapp.js" in 0.211 seconds.[0m
[0mCompiling "resources/js/testapp.js" from ["src/cljs"]...
notifying browser that file changed:  out/testapp/core.js
[32mSuccessfully compiled "resources/js/testapp.js" in 0.371 seconds.[0m
[0mCompiling "resources/js/testapp.js" from ["src/cljs"]...
WARNING: Use of undeclared Var testapp.core/reset at line 16 src/cljs/core.cljs
notifying browser that file changed:  out/testapp/core.js
[32mSuccessfully compiled "resources/js/testapp.js" in 0.264 seconds.[0m
[0mCompiling "resources/js/testapp.js" from ["src/cljs"]...
notifying browser that file changed:  out/testapp/core.js
[32mSuccessfully compiled "resources/js/testapp.js" in 0.161 seconds.[0m
[0mCompiling "resources/js/testapp.js" from ["src/cljs"]...
notifying browser that file changed:  out/testapp/core.js
[32mSuccessfully compiled "resources/js/testapp.js" in 0.181 seconds.[0m
[0mCompiling "resources/js/testapp.js" from ["src/cljs"]...
notifying browser that file changed:  out/testapp/core.js
[32mSuccessfully compiled "resources/js/testapp.js" in 0.193 seconds.[0m
[0mCompiling "resources/js/testapp.js" from ["src/cljs"]...
notifying browser that file changed:  out/testapp/core.js
[32mSuccessfully compiled "resources/js/testapp.js" in 0.195 seconds.[0m
[0mCompiling "resources/js/testapp.js" from ["src/cljs"]...
notifying browser that file changed:  out/testapp/core.js
[32mSuccessfully compiled "resources/js/testapp.js" in 0.196 seconds.[0m
[0mCompiling "resources/js/testapp.js" from ["src/cljs"]...
notifying browser that file changed:  out/testapp/core.js
[32mSuccessfully compiled "resources/js/testapp.js" in 0.204 seconds.[0m
[0mCompiling "resources/js/testapp.js" from ["src/cljs"]...
notifying browser that file changed:  out/testapp/core.js
[32mSuccessfully compiled "resources/js/testapp.js" in 0.218 seconds.[0m
[0mCompiling "resources/js/testapp.js" from ["src/cljs"]...
notifying browser that file changed:  out/testapp/core.js
[32mSuccessfully compiled "resources/js/testapp.js" in 0.276 seconds.[0m
[0mCompiling "resources/js/testapp.js" from ["src/cljs"]...
notifying browser that file changed:  out/testapp/core.js
[32mSuccessfully compiled "resources/js/testapp.js" in 0.264 seconds.[0m
[0mCompiling "resources/js/testapp.js" from ["src/cljs"]...
notifying browser that file changed:  out/testapp/core.js
[32mSuccessfully compiled "resources/js/testapp.js" in 0.17 seconds.[0m
[0mCompiling "resources/js/testapp.js" from ["src/cljs"]...
notifying browser that file changed:  out/testapp/core.js
[32mSuccessfully compiled "resources/js/testapp.js" in 0.177 seconds.[0m
[0mCompiling "resources/js/testapp.js" from ["src/cljs"]...
notifying browser that file changed:  out/testapp/core.js
[32mSuccessfully compiled "resources/js/testapp.js" in 0.211 seconds.[0m
[0mCompiling "resources/js/testapp.js" from ["src/cljs"]...
notifying browser that file changed:  out/testapp/core.js
[32mSuccessfully compiled "resources/js/testapp.js" in 0.194 seconds.[0m
[0mCompiling "resources/js/testapp.js" from ["src/cljs"]...
notifying browser that file changed:  out/testapp/core.js
[32mSuccessfully compiled "resources/js/testapp.js" in 0.192 seconds.[0m
[0mCompiling "resources/js/testapp.js" from ["src/cljs"]...
notifying browser that file changed:  out/testapp/core.js
[32mSuccessfully compiled "resources/js/testapp.js" in 0.166 seconds.[0m
[0mCompiling "resources/js/testapp.js" from ["src/cljs"]...
notifying browser that file changed:  out/testapp/core.js
[32mSuccessfully compiled "resources/js/testapp.js" in 0.166 seconds.[0m
[0mCompiling "resources/js/testapp.js" from ["src/cljs"]...
notifying browser that file changed:  resources/js/out/goog/deps.js
notifying browser that file changed:  resources/js/out/cljs_deps.js
notifying browser that file changed:  out/testapp/core.js
[32mSuccessfully compiled "resources/js/testapp.js" in 0.398 seconds.[0m
